<?xml version="1.0" encoding="UTF-8"?>
<!-- Generated by org.testng.reporters.JUnitReportReporter -->
<testsuite hostname="Anup-HP" failures="0" tests="5" name="testCases.TC_003_LoginDDT" time="18.355" errors="0" timestamp="2025-08-23T18:43:16 IST" skipped="0">
  <testcase classname="testCases.TC_003_LoginDDT" name="verify_loginDDT" time="10.834"/>
  <testcase classname="testCases.TC_003_LoginDDT" name="verify_loginDDT" time="1.557"/>
  <testcase classname="testCases.TC_003_LoginDDT" name="verify_loginDDT" time="1.584"/>
  <testcase classname="testCases.TC_003_LoginDDT" name="verify_loginDDT" time="1.733"/>
  <testcase classname="testCases.TC_003_LoginDDT" name="verify_loginDDT" time="2.647"/>
</testsuite> <!-- testCases.TC_003_LoginDDT -->
