<?xml version="1.0" encoding="UTF-8"?>
<!-- Generated by org.testng.reporters.JUnitReportReporter -->
<testsuite hostname="Anup-HP" failures="0" tests="1" name="testCases.TC_001_AccountRegistrationTest" time="2.299" errors="0" timestamp="2025-08-26T20:58:39 IST" skipped="0">
  <testcase classname="testCases.TC_001_AccountRegistrationTest" name="verify_account_registration" time="2.299"/>
</testsuite> <!-- testCases.TC_001_AccountRegistrationTest -->
